github.com/madewithfuture/cleat/cmd/cleat/main.go:12:			main						0.0%
github.com/madewithfuture/cleat/internal/cmd/build.go:37:		init						100.0%
github.com/madewithfuture/cleat/internal/cmd/django.go:181:		init						100.0%
github.com/madewithfuture/cleat/internal/cmd/docker.go:115:		init						100.0%
github.com/madewithfuture/cleat/internal/cmd/gcp.go:221:		init						100.0%
github.com/madewithfuture/cleat/internal/cmd/npm.go:70:			init						100.0%
github.com/madewithfuture/cleat/internal/cmd/root.go:49:		createSessionAndMerge				100.0%
github.com/madewithfuture/cleat/internal/cmd/root.go:59:		Execute						0.0%
github.com/madewithfuture/cleat/internal/cmd/root.go:63:		run						82.3%
github.com/madewithfuture/cleat/internal/cmd/root.go:171:		mapSelectedToArgs				100.0%
github.com/madewithfuture/cleat/internal/cmd/root.go:213:		init						0.0%
github.com/madewithfuture/cleat/internal/cmd/root.go:216:		waitForAnyKey					35.3%
github.com/madewithfuture/cleat/internal/cmd/run.go:37:			init						100.0%
github.com/madewithfuture/cleat/internal/cmd/terraform.go:16:		newTerraformSubcommand				85.3%
github.com/madewithfuture/cleat/internal/cmd/terraform.go:77:		init						100.0%
github.com/madewithfuture/cleat/internal/cmd/version.go:19:		init						100.0%
github.com/madewithfuture/cleat/internal/cmd/workflow.go:47:		init						100.0%
github.com/madewithfuture/cleat/internal/config/config.go:28:		FindProjectRoot					82.4%
github.com/madewithfuture/cleat/internal/config/config.go:58:		GetProjectID					77.8%
github.com/madewithfuture/cleat/internal/config/config.go:76:		LoadDefaultConfig				92.9%
github.com/madewithfuture/cleat/internal/config/config.go:99:		LoadConfig					75.0%
github.com/madewithfuture/cleat/internal/config/config.go:108:		LoadConfigWithDefault				83.3%
github.com/madewithfuture/cleat/internal/config/config.go:121:		parseConfig					85.0%
github.com/madewithfuture/cleat/internal/config/schema/schema.go:41:	IsDocker					100.0%
github.com/madewithfuture/cleat/internal/config/schema/schema.go:48:	IsEnabled					100.0%
github.com/madewithfuture/cleat/internal/config/schema/schema.go:55:	IsEnabled					100.0%
github.com/madewithfuture/cleat/internal/detector/detector.go:13:	DetectAll					80.0%
github.com/madewithfuture/cleat/internal/detector/django.go:13:		Detect						76.1%
github.com/madewithfuture/cleat/internal/detector/django.go:92:		matchesPython					100.0%
github.com/madewithfuture/cleat/internal/detector/docker.go:13:		Detect						80.6%
github.com/madewithfuture/cleat/internal/detector/docker.go:79:		ptrBool						100.0%
github.com/madewithfuture/cleat/internal/detector/env.go:13:		Detect						88.9%
github.com/madewithfuture/cleat/internal/detector/gcp.go:12:		Detect						100.0%
github.com/madewithfuture/cleat/internal/detector/npm.go:15:		Detect						82.7%
github.com/madewithfuture/cleat/internal/detector/npm.go:107:		readNpmScripts					90.9%
github.com/madewithfuture/cleat/internal/detector/npm.go:126:		matchesNpm					100.0%
github.com/madewithfuture/cleat/internal/detector/terraform.go:13:	Detect						81.4%
github.com/madewithfuture/cleat/internal/executor/executor.go:23:	Run						100.0%
github.com/madewithfuture/cleat/internal/executor/executor.go:27:	RunWithDir					100.0%
github.com/madewithfuture/cleat/internal/executor/executor.go:55:	Prompt						91.7%
github.com/madewithfuture/cleat/internal/history/history.go:28:		getFilePath					80.0%
github.com/madewithfuture/cleat/internal/history/history.go:38:		getHistoryFilePath				100.0%
github.com/madewithfuture/cleat/internal/history/history.go:42:		Save						66.7%
github.com/madewithfuture/cleat/internal/history/history.go:78:		Clear						66.7%
github.com/madewithfuture/cleat/internal/history/history.go:89:		Load						75.0%
github.com/madewithfuture/cleat/internal/history/stats.go:21:		getStatsFilePath				100.0%
github.com/madewithfuture/cleat/internal/history/stats.go:25:		UpdateStats					70.0%
github.com/madewithfuture/cleat/internal/history/stats.go:46:		SaveStats					63.6%
github.com/madewithfuture/cleat/internal/history/stats.go:67:		LoadStats					75.0%
github.com/madewithfuture/cleat/internal/history/stats.go:95:		GetTopCommands					81.8%
github.com/madewithfuture/cleat/internal/history/workflows.go:17:	Slugify						100.0%
github.com/madewithfuture/cleat/internal/history/workflows.go:35:	ValidateWorkflowName				100.0%
github.com/madewithfuture/cleat/internal/history/workflows.go:42:	GetUserWorkflowFilePath				100.0%
github.com/madewithfuture/cleat/internal/history/workflows.go:53:	modifyWorkflowFile				82.4%
github.com/madewithfuture/cleat/internal/history/workflows.go:82:	SaveWorkflowToProject				100.0%
github.com/madewithfuture/cleat/internal/history/workflows.go:118:	SaveWorkflowToUser				95.0%
github.com/madewithfuture/cleat/internal/history/workflows.go:153:	LoadWorkflows					81.6%
github.com/madewithfuture/cleat/internal/history/workflows.go:227:	DeleteWorkflow					85.7%
github.com/madewithfuture/cleat/internal/logger/logger.go:16:		Init						83.3%
github.com/madewithfuture/cleat/internal/logger/logger.go:62:		Debug						100.0%
github.com/madewithfuture/cleat/internal/logger/logger.go:69:		Info						100.0%
github.com/madewithfuture/cleat/internal/logger/logger.go:76:		Warn						100.0%
github.com/madewithfuture/cleat/internal/logger/logger.go:83:		Error						100.0%
github.com/madewithfuture/cleat/internal/logger/logger.go:92:		addFields					100.0%
github.com/madewithfuture/cleat/internal/logger/logger.go:102:		SetOutput					100.0%
github.com/madewithfuture/cleat/internal/session/session.go:17:		NewSession					100.0%
github.com/madewithfuture/cleat/internal/strategy/build.go:8:		init						100.0%
github.com/madewithfuture/cleat/internal/strategy/build.go:13:		NewBuildStrategy				92.9%
github.com/madewithfuture/cleat/internal/strategy/django.go:8:		NewDjangoRunServerStrategy			100.0%
github.com/madewithfuture/cleat/internal/strategy/django.go:14:		NewDjangoRunServerStrategyGlobal		87.5%
github.com/madewithfuture/cleat/internal/strategy/django.go:29:		NewDjangoMigrateStrategy			100.0%
github.com/madewithfuture/cleat/internal/strategy/django.go:35:		NewDjangoMigrateStrategyGlobal			87.5%
github.com/madewithfuture/cleat/internal/strategy/django.go:49:		NewDjangoMakeMigrationsStrategy			100.0%
github.com/madewithfuture/cleat/internal/strategy/django.go:55:		NewDjangoMakeMigrationsStrategyGlobal		87.5%
github.com/madewithfuture/cleat/internal/strategy/django.go:69:		NewDjangoCollectStaticStrategy			100.0%
github.com/madewithfuture/cleat/internal/strategy/django.go:75:		NewDjangoCollectStaticStrategyGlobal		87.5%
github.com/madewithfuture/cleat/internal/strategy/django.go:89:		NewDjangoCreateUserDevStrategy			100.0%
github.com/madewithfuture/cleat/internal/strategy/django.go:95:		NewDjangoCreateUserDevStrategyGlobal		87.5%
github.com/madewithfuture/cleat/internal/strategy/django.go:109:	NewDjangoGenRandomSecretKeyStrategy		100.0%
github.com/madewithfuture/cleat/internal/strategy/django.go:115:	NewDjangoGenRandomSecretKeyStrategyGlobal	87.5%
github.com/madewithfuture/cleat/internal/strategy/docker.go:8:		NewDockerDownStrategy				100.0%
github.com/madewithfuture/cleat/internal/strategy/docker.go:16:		NewDockerDownStrategyForService			100.0%
github.com/madewithfuture/cleat/internal/strategy/docker.go:22:		NewDockerRebuildStrategy			100.0%
github.com/madewithfuture/cleat/internal/strategy/docker.go:28:		NewDockerRebuildStrategyForService		100.0%
github.com/madewithfuture/cleat/internal/strategy/docker.go:34:		NewDockerRemoveOrphansStrategy			100.0%
github.com/madewithfuture/cleat/internal/strategy/docker.go:40:		NewDockerRemoveOrphansStrategyForService	100.0%
github.com/madewithfuture/cleat/internal/strategy/docker.go:46:		NewDockerUpStrategy				100.0%
github.com/madewithfuture/cleat/internal/strategy/docker.go:52:		NewDockerUpStrategyForService			0.0%
github.com/madewithfuture/cleat/internal/strategy/gcp.go:8:		init						58.3%
github.com/madewithfuture/cleat/internal/strategy/gcp.go:29:		NewGCPActivateStrategy				0.0%
github.com/madewithfuture/cleat/internal/strategy/gcp.go:35:		NewGCPInitStrategy				100.0%
github.com/madewithfuture/cleat/internal/strategy/gcp.go:41:		NewGCPSetConfigStrategy				0.0%
github.com/madewithfuture/cleat/internal/strategy/gcp.go:47:		NewGCPADCLoginStrategy				0.0%
github.com/madewithfuture/cleat/internal/strategy/gcp.go:53:		NewGCPADCImpersonateLoginStrategy		100.0%
github.com/madewithfuture/cleat/internal/strategy/gcp.go:59:		NewGCPConsoleStrategy				100.0%
github.com/madewithfuture/cleat/internal/strategy/gcp.go:65:		NewGCPAppEngineDeployStrategy			100.0%
github.com/madewithfuture/cleat/internal/strategy/gcp.go:72:		NewGCPAppEnginePromoteStrategy			100.0%
github.com/madewithfuture/cleat/internal/strategy/npm.go:10:		GetNpmInstallStrategy				95.8%
github.com/madewithfuture/cleat/internal/strategy/run.go:8:		init						100.0%
github.com/madewithfuture/cleat/internal/strategy/run.go:13:		NewRunStrategy					81.8%
github.com/madewithfuture/cleat/internal/strategy/run.go:55:		NewNpmScriptStrategy				100.0%
github.com/madewithfuture/cleat/internal/strategy/strategy.go:42:	CanHandle					100.0%
github.com/madewithfuture/cleat/internal/strategy/strategy.go:47:	GetStrategy					100.0%
github.com/madewithfuture/cleat/internal/strategy/strategy.go:76:	NewBaseStrategy					100.0%
github.com/madewithfuture/cleat/internal/strategy/strategy.go:84:	Name						100.0%
github.com/madewithfuture/cleat/internal/strategy/strategy.go:85:	Tasks						100.0%
github.com/madewithfuture/cleat/internal/strategy/strategy.go:87:	ResolveTasks					100.0%
github.com/madewithfuture/cleat/internal/strategy/strategy.go:92:	Execute						100.0%
github.com/madewithfuture/cleat/internal/strategy/strategy.go:141:	buildExecutionPlan				100.0%
github.com/madewithfuture/cleat/internal/strategy/strategy.go:161:	topologicalSort					93.2%
github.com/madewithfuture/cleat/internal/strategy/strategy.go:247:	Register					100.0%
github.com/madewithfuture/cleat/internal/strategy/strategy.go:252:	Get						100.0%
github.com/madewithfuture/cleat/internal/strategy/strategy.go:261:	ResolveCommandTasks				75.0%
github.com/madewithfuture/cleat/internal/strategy/strategy.go:269:	GetStrategyForCommand				100.0%
github.com/madewithfuture/cleat/internal/strategy/strategy.go:282:	GetProviders					100.0%
github.com/madewithfuture/cleat/internal/strategy/strategy.go:299:	CanHandle					100.0%
github.com/madewithfuture/cleat/internal/strategy/strategy.go:307:	GetStrategy					100.0%
github.com/madewithfuture/cleat/internal/strategy/strategy.go:316:	NewPassthroughStrategy				100.0%
github.com/madewithfuture/cleat/internal/strategy/strategy.go:320:	Name						100.0%
github.com/madewithfuture/cleat/internal/strategy/strategy.go:324:	Tasks						100.0%
github.com/madewithfuture/cleat/internal/strategy/strategy.go:329:	ResolveTasks					100.0%
github.com/madewithfuture/cleat/internal/strategy/strategy.go:335:	Execute						83.3%
github.com/madewithfuture/cleat/internal/strategy/strategy.go:351:	CanHandle					100.0%
github.com/madewithfuture/cleat/internal/strategy/strategy.go:355:	GetStrategy					85.7%
github.com/madewithfuture/cleat/internal/strategy/strategy.go:426:	CanHandle					100.0%
github.com/madewithfuture/cleat/internal/strategy/strategy.go:430:	GetStrategy					90.0%
github.com/madewithfuture/cleat/internal/strategy/strategy.go:492:	CanHandle					100.0%
github.com/madewithfuture/cleat/internal/strategy/strategy.go:496:	GetStrategy					96.7%
github.com/madewithfuture/cleat/internal/strategy/strategy.go:557:	CanHandle					100.0%
github.com/madewithfuture/cleat/internal/strategy/strategy.go:561:	GetStrategy					95.8%
github.com/madewithfuture/cleat/internal/strategy/strategy.go:616:	CanHandle					100.0%
github.com/madewithfuture/cleat/internal/strategy/strategy.go:620:	GetStrategy					93.3%
github.com/madewithfuture/cleat/internal/strategy/terraform.go:9:	NewTerraformStrategy				100.0%
github.com/madewithfuture/cleat/internal/strategy/workflow.go:16:	CanHandle					100.0%
github.com/madewithfuture/cleat/internal/strategy/workflow.go:20:	GetStrategy					85.7%
github.com/madewithfuture/cleat/internal/strategy/workflow.go:41:	NewWorkflowStrategy				100.0%
github.com/madewithfuture/cleat/internal/strategy/workflow.go:48:	Name						0.0%
github.com/madewithfuture/cleat/internal/strategy/workflow.go:54:	Tasks						0.0%
github.com/madewithfuture/cleat/internal/strategy/workflow.go:58:	ResolveTasks					93.8%
github.com/madewithfuture/cleat/internal/strategy/workflow.go:91:	Execute						96.0%
github.com/madewithfuture/cleat/internal/task/django.go:18:		NewDjangoRunServer				100.0%
github.com/madewithfuture/cleat/internal/task/django.go:28:		ShouldRun					80.0%
github.com/madewithfuture/cleat/internal/task/django.go:39:		Run						63.6%
github.com/madewithfuture/cleat/internal/task/django.go:57:		Commands					100.0%
github.com/madewithfuture/cleat/internal/task/django.go:77:		NewDjangoMigrate				100.0%
github.com/madewithfuture/cleat/internal/task/django.go:87:		ShouldRun					80.0%
github.com/madewithfuture/cleat/internal/task/django.go:98:		Run						63.6%
github.com/madewithfuture/cleat/internal/task/django.go:116:		Commands					100.0%
github.com/madewithfuture/cleat/internal/task/django.go:136:		NewDjangoMakeMigrations				100.0%
github.com/madewithfuture/cleat/internal/task/django.go:146:		ShouldRun					80.0%
github.com/madewithfuture/cleat/internal/task/django.go:157:		Run						63.6%
github.com/madewithfuture/cleat/internal/task/django.go:175:		Commands					60.0%
github.com/madewithfuture/cleat/internal/task/django.go:195:		NewDjangoCollectStatic				100.0%
github.com/madewithfuture/cleat/internal/task/django.go:205:		ShouldRun					80.0%
github.com/madewithfuture/cleat/internal/task/django.go:216:		Run						63.6%
github.com/madewithfuture/cleat/internal/task/django.go:234:		Commands					60.0%
github.com/madewithfuture/cleat/internal/task/django.go:254:		NewDjangoCreateUserDev				100.0%
github.com/madewithfuture/cleat/internal/task/django.go:264:		ShouldRun					80.0%
github.com/madewithfuture/cleat/internal/task/django.go:275:		Run						63.6%
github.com/madewithfuture/cleat/internal/task/django.go:293:		Commands					60.0%
github.com/madewithfuture/cleat/internal/task/django.go:319:		NewDjangoGenRandomSecretKey			100.0%
github.com/madewithfuture/cleat/internal/task/django.go:329:		ShouldRun					80.0%
github.com/madewithfuture/cleat/internal/task/django.go:340:		Run						63.6%
github.com/madewithfuture/cleat/internal/task/django.go:358:		Commands					60.0%
github.com/madewithfuture/cleat/internal/task/django.go:374:		getPythonConfig					66.7%
github.com/madewithfuture/cleat/internal/task/django.go:386:		pythonCommand					66.7%
github.com/madewithfuture/cleat/internal/task/django.go:393:		findManagePy					66.7%
github.com/madewithfuture/cleat/internal/task/docker.go:16:		NewDockerBuild					100.0%
github.com/madewithfuture/cleat/internal/task/docker.go:31:		ShouldRun					100.0%
github.com/madewithfuture/cleat/internal/task/docker.go:38:		Run						76.9%
github.com/madewithfuture/cleat/internal/task/docker.go:61:		Commands					75.0%
github.com/madewithfuture/cleat/internal/task/docker.go:88:		NewDockerUp					100.0%
github.com/madewithfuture/cleat/internal/task/docker.go:103:		ShouldRun					100.0%
github.com/madewithfuture/cleat/internal/task/docker.go:110:		Run						76.9%
github.com/madewithfuture/cleat/internal/task/docker.go:133:		Commands					70.0%
github.com/madewithfuture/cleat/internal/task/docker.go:157:		NewDockerDown					100.0%
github.com/madewithfuture/cleat/internal/task/docker.go:172:		ShouldRun					100.0%
github.com/madewithfuture/cleat/internal/task/docker.go:179:		Run						76.9%
github.com/madewithfuture/cleat/internal/task/docker.go:202:		Commands					70.0%
github.com/madewithfuture/cleat/internal/task/docker.go:226:		NewDockerRebuild				100.0%
github.com/madewithfuture/cleat/internal/task/docker.go:241:		ShouldRun					100.0%
github.com/madewithfuture/cleat/internal/task/docker.go:248:		Run						76.5%
github.com/madewithfuture/cleat/internal/task/docker.go:280:		Commands					66.7%
github.com/madewithfuture/cleat/internal/task/docker.go:317:		NewDockerRemoveOrphans				100.0%
github.com/madewithfuture/cleat/internal/task/docker.go:332:		ShouldRun					100.0%
github.com/madewithfuture/cleat/internal/task/docker.go:339:		Run						76.9%
github.com/madewithfuture/cleat/internal/task/docker.go:362:		Commands					70.0%
github.com/madewithfuture/cleat/internal/task/gcp.go:13:		NewGCPInit					100.0%
github.com/madewithfuture/cleat/internal/task/gcp.go:22:		ShouldRun					100.0%
github.com/madewithfuture/cleat/internal/task/gcp.go:26:		Run						83.3%
github.com/madewithfuture/cleat/internal/task/gcp.go:37:		Commands					83.3%
github.com/madewithfuture/cleat/internal/task/gcp.go:52:		NewGCPActivate					100.0%
github.com/madewithfuture/cleat/internal/task/gcp.go:62:		ShouldRun					100.0%
github.com/madewithfuture/cleat/internal/task/gcp.go:66:		Run						83.3%
github.com/madewithfuture/cleat/internal/task/gcp.go:77:		Commands					83.3%
github.com/madewithfuture/cleat/internal/task/gcp.go:94:		NewGCPSetConfig					100.0%
github.com/madewithfuture/cleat/internal/task/gcp.go:103:		ShouldRun					100.0%
github.com/madewithfuture/cleat/internal/task/gcp.go:107:		Requirements					60.0%
github.com/madewithfuture/cleat/internal/task/gcp.go:120:		Run						83.3%
github.com/madewithfuture/cleat/internal/task/gcp.go:131:		Commands					83.3%
github.com/madewithfuture/cleat/internal/task/gcp.go:156:		NewGCPADCLogin					100.0%
github.com/madewithfuture/cleat/internal/task/gcp.go:165:		ShouldRun					100.0%
github.com/madewithfuture/cleat/internal/task/gcp.go:169:		Run						83.3%
github.com/madewithfuture/cleat/internal/task/gcp.go:180:		Commands					75.0%
github.com/madewithfuture/cleat/internal/task/gcp.go:197:		NewGCPAdcImpersonateLogin			100.0%
github.com/madewithfuture/cleat/internal/task/gcp.go:206:		ShouldRun					100.0%
github.com/madewithfuture/cleat/internal/task/gcp.go:210:		Requirements					80.0%
github.com/madewithfuture/cleat/internal/task/gcp.go:223:		Run						88.9%
github.com/madewithfuture/cleat/internal/task/gcp.go:238:		Commands					77.8%
github.com/madewithfuture/cleat/internal/task/gcp.go:262:		NewGCPConsole					100.0%
github.com/madewithfuture/cleat/internal/task/gcp.go:271:		ShouldRun					100.0%
github.com/madewithfuture/cleat/internal/task/gcp.go:275:		Run						80.0%
github.com/madewithfuture/cleat/internal/task/gcp.go:284:		Commands					75.0%
github.com/madewithfuture/cleat/internal/task/gcp.go:297:		NewGCPAppEngineDeploy				100.0%
github.com/madewithfuture/cleat/internal/task/gcp.go:307:		ShouldRun					100.0%
github.com/madewithfuture/cleat/internal/task/gcp.go:311:		Requirements					100.0%
github.com/madewithfuture/cleat/internal/task/gcp.go:320:		Run						75.0%
github.com/madewithfuture/cleat/internal/task/gcp.go:333:		Commands					80.0%
github.com/madewithfuture/cleat/internal/task/gcp.go:347:		NewGCPAppEnginePromote				100.0%
github.com/madewithfuture/cleat/internal/task/gcp.go:363:		ShouldRun					100.0%
github.com/madewithfuture/cleat/internal/task/gcp.go:367:		Requirements					100.0%
github.com/madewithfuture/cleat/internal/task/gcp.go:376:		Run						75.0%
github.com/madewithfuture/cleat/internal/task/gcp.go:389:		Commands					85.7%
github.com/madewithfuture/cleat/internal/task/npm.go:17:		NewNpmRun					100.0%
github.com/madewithfuture/cleat/internal/task/npm.go:29:		ShouldRun					100.0%
github.com/madewithfuture/cleat/internal/task/npm.go:33:		Run						70.0%
github.com/madewithfuture/cleat/internal/task/npm.go:50:		Commands					100.0%
github.com/madewithfuture/cleat/internal/task/npm.go:63:		NewNpmInstall					100.0%
github.com/madewithfuture/cleat/internal/task/npm.go:74:		ShouldRun					100.0%
github.com/madewithfuture/cleat/internal/task/npm.go:78:		Run						70.0%
github.com/madewithfuture/cleat/internal/task/npm.go:95:		Commands					100.0%
github.com/madewithfuture/cleat/internal/task/shell.go:17:		NewShellTask					0.0%
github.com/madewithfuture/cleat/internal/task/shell.go:46:		ShouldRun					0.0%
github.com/madewithfuture/cleat/internal/task/shell.go:50:		Run						0.0%
github.com/madewithfuture/cleat/internal/task/shell.go:57:		Commands					0.0%
github.com/madewithfuture/cleat/internal/task/task.go:51:		Name						100.0%
github.com/madewithfuture/cleat/internal/task/task.go:52:		Description					100.0%
github.com/madewithfuture/cleat/internal/task/task.go:53:		Dependencies					100.0%
github.com/madewithfuture/cleat/internal/task/task.go:54:		Requirements					100.0%
github.com/madewithfuture/cleat/internal/task/task.go:59:		ShouldUseOp					78.6%
github.com/madewithfuture/cleat/internal/task/task.go:85:		FileUsesOp					63.6%
github.com/madewithfuture/cleat/internal/task/task.go:106:		DetectEnvFile					59.1%
github.com/madewithfuture/cleat/internal/task/terraform.go:17:		NewTerraform					75.0%
github.com/madewithfuture/cleat/internal/task/terraform.go:33:		ShouldRun					100.0%
github.com/madewithfuture/cleat/internal/task/terraform.go:37:		Run						80.0%
github.com/madewithfuture/cleat/internal/task/terraform.go:54:		Commands					100.0%
github.com/madewithfuture/cleat/internal/ui/events.go:18:		Update						100.0%
github.com/madewithfuture/cleat/internal/ui/events.go:58:		handleConfirmClearHistory			78.9%
github.com/madewithfuture/cleat/internal/ui/events.go:88:		handleInputCollection				83.3%
github.com/madewithfuture/cleat/internal/ui/events.go:116:		handleWorkflowNameInput				88.9%
github.com/madewithfuture/cleat/internal/ui/events.go:144:		handleWorkflowLocationSelection			83.3%
github.com/madewithfuture/cleat/internal/ui/events.go:205:		handleCreatingWorkflow				92.9%
github.com/madewithfuture/cleat/internal/ui/events.go:254:		handleShowingConfig				76.9%
github.com/madewithfuture/cleat/internal/ui/events.go:299:		handleEditorFinished				66.7%
github.com/madewithfuture/cleat/internal/ui/events.go:327:		handleKeyPress					64.3%
github.com/madewithfuture/cleat/internal/ui/events.go:381:		handleFilteringKeys				77.8%
github.com/madewithfuture/cleat/internal/ui/events.go:419:		handleUpKey					78.6%
github.com/madewithfuture/cleat/internal/ui/events.go:439:		handleDownKey					71.4%
github.com/madewithfuture/cleat/internal/ui/events.go:468:		handleEnterKey					51.0%
github.com/madewithfuture/cleat/internal/ui/events.go:535:		handleRuneKeys					72.9%
github.com/madewithfuture/cleat/internal/ui/events.go:635:		openEditor					90.0%
github.com/madewithfuture/cleat/internal/ui/model.go:95:		InitialModel					85.7%
github.com/madewithfuture/cleat/internal/ui/model.go:127:		Init						100.0%
github.com/madewithfuture/cleat/internal/ui/model.go:132:		updateTaskPreview				65.1%
github.com/madewithfuture/cleat/internal/ui/model.go:273:		paneWidths					58.3%
github.com/madewithfuture/cleat/internal/ui/model.go:292:		updateVisibleItems				100.0%
github.com/madewithfuture/cleat/internal/ui/model.go:305:		flatten						100.0%
github.com/madewithfuture/cleat/internal/ui/model.go:318:		flattenFiltered					100.0%
github.com/madewithfuture/cleat/internal/ui/model.go:339:		expandAll					100.0%
github.com/madewithfuture/cleat/internal/ui/model.go:346:		collapseAll					100.0%
github.com/madewithfuture/cleat/internal/ui/model.go:352:		setExpandedRecursive				100.0%
github.com/madewithfuture/cleat/internal/ui/model.go:362:		visibleCommandCount				90.9%
github.com/madewithfuture/cleat/internal/ui/model.go:380:		visibleConfigCount				77.8%
github.com/madewithfuture/cleat/internal/ui/model.go:398:		visibleHistoryCount				100.0%
github.com/madewithfuture/cleat/internal/ui/model.go:416:		visibleTasksCount				81.8%
github.com/madewithfuture/cleat/internal/ui/rendering.go:13:		View						86.4%
github.com/madewithfuture/cleat/internal/ui/rendering.go:62:		renderMainUI					90.7%
github.com/madewithfuture/cleat/internal/ui/rendering.go:193:		buildCommandsContent				71.4%
github.com/madewithfuture/cleat/internal/ui/rendering.go:255:		buildTaskPreviewContent				86.7%
github.com/madewithfuture/cleat/internal/ui/rendering.go:287:		buildConfigContent				86.4%
github.com/madewithfuture/cleat/internal/ui/rendering.go:329:		buildHistoryContent				96.6%
github.com/madewithfuture/cleat/internal/ui/rendering.go:428:		buildTaskTitle					70.0%
github.com/madewithfuture/cleat/internal/ui/rendering.go:445:		buildConfigLines				72.5%
github.com/madewithfuture/cleat/internal/ui/rendering.go:511:		renderInputModal				100.0%
github.com/madewithfuture/cleat/internal/ui/rendering.go:542:		renderWorkflowNameModal				94.4%
github.com/madewithfuture/cleat/internal/ui/rendering.go:570:		renderConfirmModal				100.0%
github.com/madewithfuture/cleat/internal/ui/rendering.go:596:		renderWorkflowLocationModal			100.0%
github.com/madewithfuture/cleat/internal/ui/rendering.go:626:		renderConfigModal				73.7%
github.com/madewithfuture/cleat/internal/ui/rendering.go:657:		renderHelpOverlay				100.0%
github.com/madewithfuture/cleat/internal/ui/rendering.go:701:		drawBox						83.3%
github.com/madewithfuture/cleat/internal/ui/rendering.go:766:		overlay						100.0%
github.com/madewithfuture/cleat/internal/ui/rendering.go:785:		overlayLine					90.0%
github.com/madewithfuture/cleat/internal/ui/rendering.go:804:		visibleTail					96.4%
github.com/madewithfuture/cleat/internal/ui/rendering.go:846:		wrapLines					61.8%
github.com/madewithfuture/cleat/internal/ui/tree.go:33:			buildCommandTree				86.4%
github.com/madewithfuture/cleat/internal/ui/tree.go:216:		matches						75.0%
github.com/madewithfuture/cleat/internal/ui/tree.go:226:		anyDescendantMatches				100.0%
github.com/madewithfuture/cleat/internal/ui/ui.go:21:			Start						81.8%
total:									(statements)					82.3%
